[2026-01-25 16:27:08] [INFO] ğŸ¤– BTCè‡ªåŠ¨äº¤æ˜“å™¨åˆå§‹åŒ–å®Œæˆ
[2026-01-25 16:27:08] [INFO] ğŸ’° äº¤æ˜“é‡‘é¢: $5.0
[2026-01-25 16:27:08] [INFO] ğŸš€ BTCè‡ªåŠ¨äº¤æ˜“å™¨å¯åŠ¨
[2026-01-25 16:27:08] [INFO] â° ç­‰å¾…ä¸‹ä¸€ä¸ª15åˆ†é’Ÿæ•´ç‚¹ï¼Œè¿˜éœ€ 3åˆ†52ç§’
[2026-01-25 16:28:08] [INFO] â° ç­‰å¾…ä¸‹ä¸€ä¸ª15åˆ†é’Ÿæ•´ç‚¹ï¼Œè¿˜éœ€ 2åˆ†52ç§’
[2026-01-25 16:29:08] [INFO] â° ç­‰å¾…ä¸‹ä¸€ä¸ª15åˆ†é’Ÿæ•´ç‚¹ï¼Œè¿˜éœ€ 1åˆ†52ç§’
[2026-01-25 16:30:00] [INFO] ğŸ”„ å¼€å§‹æ–°çš„äº¤æ˜“å‘¨æœŸ
[2026-01-25 16:30:01] [INFO] ğŸ“Š è·å–BTCä»·æ ¼: $88,682.54
[2026-01-25 16:30:01] [INFO] ğŸ” æŸ¥æ‰¾å¯ç”¨å¸‚åœº...
[2026-01-25 16:30:01] [ERROR] âŒ å¸‚åœºæŸ¥è¯¢å¤±è´¥: Traceback (most recent call last):
  File "/Users/chenpy/Documents/Github/polymarket_robot/test_trading_bot.py", line 152, in main
    json_output = len(sys.argv) > 1 and sys.argv[1] == "--json"
                      ^^^
NameError: name 'sys' is not defined. Did you forget to import 'sys'?

During handling of the above exception, another exception occurred:

Traceback (most recent call last):
  File "/Users/chenpy/Documents/Github/polymarket_robot/test_trading_bot.py", line 185, in <module>
    main()
    ~~~~^^
  File "/Users/chenpy/Documents/Github/polymarket_robot/test_trading_bot.py", line 179, in main
    if len(sys.argv) > 1 and sys.argv[1] == "--json":
           ^^^
NameError: name 'sys' is not defined. Did you forget to import 'sys'?

[2026-01-25 16:30:01] [ERROR] âŒ æ²¡æœ‰æ‰¾åˆ°å¯ç”¨å¸‚åœºï¼Œè·³è¿‡æœ¬æ¬¡äº¤æ˜“
[2026-01-25 16:30:17] [INFO] ğŸ›‘ åœæ­¢BTCè‡ªåŠ¨äº¤æ˜“å™¨
[2026-01-25 16:30:17] [INFO] ğŸ›‘ åœæ­¢BTCè‡ªåŠ¨äº¤æ˜“å™¨
[2026-01-25 16:30:17] [INFO] ğŸ›‘ åœæ­¢BTCè‡ªåŠ¨äº¤æ˜“å™¨
