[2026-01-25 15:26:38] [INFO] ğŸ¤– BTCè‡ªåŠ¨äº¤æ˜“å™¨åˆå§‹åŒ–å®Œæˆ
[2026-01-25 15:26:38] [INFO] ğŸ’° äº¤æ˜“é‡‘é¢: $5.0
[2026-01-25 15:26:38] [INFO] ğŸš€ BTCè‡ªåŠ¨äº¤æ˜“å™¨å¯åŠ¨
[2026-01-25 15:26:38] [INFO] â° ç­‰å¾…ä¸‹ä¸€ä¸ª15åˆ†é’Ÿæ•´ç‚¹ï¼Œè¿˜éœ€ 4åˆ†22ç§’
[2026-01-25 15:27:38] [INFO] â° ç­‰å¾…ä¸‹ä¸€ä¸ª15åˆ†é’Ÿæ•´ç‚¹ï¼Œè¿˜éœ€ 3åˆ†22ç§’
[2026-01-25 15:28:38] [INFO] â° ç­‰å¾…ä¸‹ä¸€ä¸ª15åˆ†é’Ÿæ•´ç‚¹ï¼Œè¿˜éœ€ 2åˆ†22ç§’
[2026-01-25 15:29:38] [INFO] ğŸ”„ å¼€å§‹æ–°çš„äº¤æ˜“å‘¨æœŸ
[2026-01-25 15:29:38] [INFO] ğŸ“Š è·å–BTCä»·æ ¼: $88,785.70
[2026-01-25 15:29:38] [INFO] ğŸ” æŸ¥æ‰¾å¯ç”¨å¸‚åœº...
[2026-01-25 15:29:39] [ERROR] âŒ å¸‚åœºæŸ¥è¯¢å¤±è´¥: Traceback (most recent call last):
  File "/Users/chenpy/Documents/Github/polymarket_robot/test_trading_bot.py", line 152, in main
    json_output = len(sys.argv) > 1 and sys.argv[1] == "--json"
                      ^^^
NameError: name 'sys' is not defined. Did you forget to import 'sys'?

During handling of the above exception, another exception occurred:

Traceback (most recent call last):
  File "/Users/chenpy/Documents/Github/polymarket_robot/test_trading_bot.py", line 185, in <module>
    main()
    ~~~~^^
  File "/Users/chenpy/Documents/Github/polymarket_robot/test_trading_bot.py", line 179, in main
    if len(sys.argv) > 1 and sys.argv[1] == "--json":
           ^^^
NameError: name 'sys' is not defined. Did you forget to import 'sys'?

[2026-01-25 15:29:39] [ERROR] âŒ æ²¡æœ‰æ‰¾åˆ°å¯ç”¨å¸‚åœºï¼Œè·³è¿‡æœ¬æ¬¡äº¤æ˜“
[2026-01-25 15:30:39] [INFO] ğŸ”„ å¼€å§‹æ–°çš„äº¤æ˜“å‘¨æœŸ
[2026-01-25 15:30:39] [INFO] ğŸ“Š è·å–BTCä»·æ ¼: $88,759.07
[2026-01-25 15:30:39] [INFO] ğŸ” æŸ¥æ‰¾å¯ç”¨å¸‚åœº...
[2026-01-25 15:30:39] [ERROR] âŒ å¸‚åœºæŸ¥è¯¢å¤±è´¥: Traceback (most recent call last):
  File "/Users/chenpy/Documents/Github/polymarket_robot/test_trading_bot.py", line 152, in main
    json_output = len(sys.argv) > 1 and sys.argv[1] == "--json"
                      ^^^
NameError: name 'sys' is not defined. Did you forget to import 'sys'?

During handling of the above exception, another exception occurred:

Traceback (most recent call last):
  File "/Users/chenpy/Documents/Github/polymarket_robot/test_trading_bot.py", line 185, in <module>
    main()
    ~~~~^^
  File "/Users/chenpy/Documents/Github/polymarket_robot/test_trading_bot.py", line 179, in main
    if len(sys.argv) > 1 and sys.argv[1] == "--json":
           ^^^
NameError: name 'sys' is not defined. Did you forget to import 'sys'?

[2026-01-25 15:30:39] [ERROR] âŒ æ²¡æœ‰æ‰¾åˆ°å¯ç”¨å¸‚åœºï¼Œè·³è¿‡æœ¬æ¬¡äº¤æ˜“
[2026-01-25 15:31:39] [INFO] â° ç­‰å¾…ä¸‹ä¸€ä¸ª15åˆ†é’Ÿæ•´ç‚¹ï¼Œè¿˜éœ€ 14åˆ†21ç§’
[2026-01-25 15:32:39] [INFO] â° ç­‰å¾…ä¸‹ä¸€ä¸ª15åˆ†é’Ÿæ•´ç‚¹ï¼Œè¿˜éœ€ 13åˆ†21ç§’
[2026-01-25 15:33:39] [INFO] â° ç­‰å¾…ä¸‹ä¸€ä¸ª15åˆ†é’Ÿæ•´ç‚¹ï¼Œè¿˜éœ€ 12åˆ†21ç§’
[2026-01-25 15:34:39] [INFO] â° ç­‰å¾…ä¸‹ä¸€ä¸ª15åˆ†é’Ÿæ•´ç‚¹ï¼Œè¿˜éœ€ 11åˆ†21ç§’
[2026-01-25 15:35:39] [INFO] â° ç­‰å¾…ä¸‹ä¸€ä¸ª15åˆ†é’Ÿæ•´ç‚¹ï¼Œè¿˜éœ€ 10åˆ†21ç§’
[2026-01-25 15:36:39] [INFO] â° ç­‰å¾…ä¸‹ä¸€ä¸ª15åˆ†é’Ÿæ•´ç‚¹ï¼Œè¿˜éœ€ 9åˆ†21ç§’
[2026-01-25 15:52:37] [INFO] â° ç­‰å¾…ä¸‹ä¸€ä¸ª15åˆ†é’Ÿæ•´ç‚¹ï¼Œè¿˜éœ€ 8åˆ†23ç§’
[2026-01-25 15:53:37] [INFO] â° ç­‰å¾…ä¸‹ä¸€ä¸ª15åˆ†é’Ÿæ•´ç‚¹ï¼Œè¿˜éœ€ 7åˆ†23ç§’
[2026-01-25 15:54:37] [INFO] â° ç­‰å¾…ä¸‹ä¸€ä¸ª15åˆ†é’Ÿæ•´ç‚¹ï¼Œè¿˜éœ€ 6åˆ†23ç§’
[2026-01-25 15:55:37] [INFO] â° ç­‰å¾…ä¸‹ä¸€ä¸ª15åˆ†é’Ÿæ•´ç‚¹ï¼Œè¿˜éœ€ 5åˆ†23ç§’
[2026-01-25 15:56:37] [INFO] â° ç­‰å¾…ä¸‹ä¸€ä¸ª15åˆ†é’Ÿæ•´ç‚¹ï¼Œè¿˜éœ€ 4åˆ†23ç§’
[2026-01-25 15:57:37] [INFO] â° ç­‰å¾…ä¸‹ä¸€ä¸ª15åˆ†é’Ÿæ•´ç‚¹ï¼Œè¿˜éœ€ 3åˆ†23ç§’
[2026-01-25 15:58:37] [INFO] â° ç­‰å¾…ä¸‹ä¸€ä¸ª15åˆ†é’Ÿæ•´ç‚¹ï¼Œè¿˜éœ€ 2åˆ†23ç§’
[2026-01-25 15:59:37] [INFO] ğŸ”„ å¼€å§‹æ–°çš„äº¤æ˜“å‘¨æœŸ
[2026-01-25 15:59:38] [INFO] ğŸ“Š è·å–BTCä»·æ ¼: $88,659.99
[2026-01-25 15:59:38] [INFO] ğŸ” æŸ¥æ‰¾å¯ç”¨å¸‚åœº...
[2026-01-25 15:59:38] [ERROR] âŒ å¸‚åœºæŸ¥è¯¢å¤±è´¥: Traceback (most recent call last):
  File "/Users/chenpy/Documents/Github/polymarket_robot/test_trading_bot.py", line 152, in main
    json_output = len(sys.argv) > 1 and sys.argv[1] == "--json"
                      ^^^
NameError: name 'sys' is not defined. Did you forget to import 'sys'?

During handling of the above exception, another exception occurred:

Traceback (most recent call last):
  File "/Users/chenpy/Documents/Github/polymarket_robot/test_trading_bot.py", line 185, in <module>
    main()
    ~~~~^^
  File "/Users/chenpy/Documents/Github/polymarket_robot/test_trading_bot.py", line 179, in main
    if len(sys.argv) > 1 and sys.argv[1] == "--json":
           ^^^
NameError: name 'sys' is not defined. Did you forget to import 'sys'?

[2026-01-25 15:59:38] [ERROR] âŒ æ²¡æœ‰æ‰¾åˆ°å¯ç”¨å¸‚åœºï¼Œè·³è¿‡æœ¬æ¬¡äº¤æ˜“
[2026-01-25 16:00:38] [INFO] ğŸ”„ å¼€å§‹æ–°çš„äº¤æ˜“å‘¨æœŸ
[2026-01-25 16:00:38] [INFO] ğŸ“Š è·å–BTCä»·æ ¼: $88,645.83
[2026-01-25 16:00:38] [INFO] ğŸ” æŸ¥æ‰¾å¯ç”¨å¸‚åœº...
[2026-01-25 16:00:38] [ERROR] âŒ å¸‚åœºæŸ¥è¯¢å¤±è´¥: Traceback (most recent call last):
  File "/Users/chenpy/Documents/Github/polymarket_robot/test_trading_bot.py", line 152, in main
    json_output = len(sys.argv) > 1 and sys.argv[1] == "--json"
                      ^^^
NameError: name 'sys' is not defined. Did you forget to import 'sys'?

During handling of the above exception, another exception occurred:

Traceback (most recent call last):
  File "/Users/chenpy/Documents/Github/polymarket_robot/test_trading_bot.py", line 185, in <module>
    main()
    ~~~~^^
  File "/Users/chenpy/Documents/Github/polymarket_robot/test_trading_bot.py", line 179, in main
    if len(sys.argv) > 1 and sys.argv[1] == "--json":
           ^^^
NameError: name 'sys' is not defined. Did you forget to import 'sys'?

[2026-01-25 16:00:38] [ERROR] âŒ æ²¡æœ‰æ‰¾åˆ°å¯ç”¨å¸‚åœºï¼Œè·³è¿‡æœ¬æ¬¡äº¤æ˜“
[2026-01-25 16:01:38] [INFO] â° ç­‰å¾…ä¸‹ä¸€ä¸ª15åˆ†é’Ÿæ•´ç‚¹ï¼Œè¿˜éœ€ 14åˆ†22ç§’
[2026-01-25 16:02:38] [INFO] â° ç­‰å¾…ä¸‹ä¸€ä¸ª15åˆ†é’Ÿæ•´ç‚¹ï¼Œè¿˜éœ€ 13åˆ†22ç§’
[2026-01-25 16:03:38] [INFO] â° ç­‰å¾…ä¸‹ä¸€ä¸ª15åˆ†é’Ÿæ•´ç‚¹ï¼Œè¿˜éœ€ 12åˆ†22ç§’
[2026-01-25 16:04:38] [INFO] â° ç­‰å¾…ä¸‹ä¸€ä¸ª15åˆ†é’Ÿæ•´ç‚¹ï¼Œè¿˜éœ€ 11åˆ†22ç§’
[2026-01-25 16:20:37] [INFO] â° ç­‰å¾…ä¸‹ä¸€ä¸ª15åˆ†é’Ÿæ•´ç‚¹ï¼Œè¿˜éœ€ 10åˆ†23ç§’
[2026-01-25 16:21:39] [INFO] â° ç­‰å¾…ä¸‹ä¸€ä¸ª15åˆ†é’Ÿæ•´ç‚¹ï¼Œè¿˜éœ€ 9åˆ†21ç§’
[2026-01-25 16:22:39] [INFO] â° ç­‰å¾…ä¸‹ä¸€ä¸ª15åˆ†é’Ÿæ•´ç‚¹ï¼Œè¿˜éœ€ 8åˆ†21ç§’
[2026-01-25 16:23:39] [INFO] â° ç­‰å¾…ä¸‹ä¸€ä¸ª15åˆ†é’Ÿæ•´ç‚¹ï¼Œè¿˜éœ€ 7åˆ†21ç§’
[2026-01-25 16:24:39] [INFO] â° ç­‰å¾…ä¸‹ä¸€ä¸ª15åˆ†é’Ÿæ•´ç‚¹ï¼Œè¿˜éœ€ 6åˆ†21ç§’
[2026-01-25 16:25:39] [INFO] â° ç­‰å¾…ä¸‹ä¸€ä¸ª15åˆ†é’Ÿæ•´ç‚¹ï¼Œè¿˜éœ€ 5åˆ†21ç§’
[2026-01-25 16:26:39] [INFO] â° ç­‰å¾…ä¸‹ä¸€ä¸ª15åˆ†é’Ÿæ•´ç‚¹ï¼Œè¿˜éœ€ 4åˆ†21ç§’
[2026-01-25 16:27:07] [INFO] ğŸ›‘ åœæ­¢BTCè‡ªåŠ¨äº¤æ˜“å™¨
[2026-01-25 16:27:07] [INFO] ğŸ›‘ åœæ­¢BTCè‡ªåŠ¨äº¤æ˜“å™¨
[2026-01-25 16:27:07] [INFO] ğŸ›‘ åœæ­¢BTCè‡ªåŠ¨äº¤æ˜“å™¨
